# JRE version: OpenJDK Runtime Environment Temurin-21.0.10+7 (21.0.10+7) (build 21.0.10+7-LTS)
# Java VM: OpenJDK 64-Bit Server VM Temurin-21.0.10+7 (21.0.10+7-LTS, mixed mode, sharing, tiered, compressed oops, compressed class ptrs, g1 gc, windows-amd64)
GC Precious Log:
 CardTable entry size: 512
 Card Set container configuration: InlinePtr #cards 5 size 8 Array Of Cards #cards 12 size 40 Howl #buckets 4 coarsen threshold 1843 Howl Bitmap #cards 512 size 80 coarsen threshold 460 Card regions per heap region 1 cards per card region 2048
 CPUs: 8 total, 8 available
 Memory: 7995M
 Large Page Support: Disabled
 NUMA Support: Disabled
 Compressed Oops: Enabled (32-bit)
 Heap Region Size: 1M
 Heap Min Capacity: 8M
 Heap Initial Capacity: 126M
 Heap Max Capacity: 512M
 Pre-touch: Disabled
 Parallel Workers: 8
 Concurrent Workers: 2
 Concurrent Refinement Workers: 8
 Periodic GC: Disabled
Heap:
 garbage-first heap   total 121856K, used 79283K [0x00000000e0000000, 0x0000000100000000)
  region size 1024K, 4 young (4096K), 1 survivors (1024K)
 Metaspace       used 78407K, committed 80768K, reserved 344064K
  class space    used 11442K, committed 12608K, reserved 212992K
GC Heap History (20 events):
Event: 41.523 GC heap before
{Heap before GC invocations=24 (full 0):
 garbage-first heap   total 94208K, used 58733K [0x00000000e0000000, 0x0000000100000000)
  region size 1024K, 5 young (5120K), 2 survivors (2048K)
 Metaspace       used 66351K, committed 68480K, reserved 278528K
  class space    used 9781K, committed 10816K, reserved 212992K
}
Event: 41.530 GC heap after
{Heap after GC invocations=25 (full 0):
 garbage-first heap   total 94208K, used 56895K [0x00000000e0000000, 0x0000000100000000)
  region size 1024K, 3 young (3072K), 3 survivors (3072K)
 Metaspace       used 66351K, committed 68480K, reserved 278528K
  class space    used 9781K, committed 10816K, reserved 212992K
}
Event: 42.734 GC heap before
{Heap before GC invocations=26 (full 0):
 garbage-first heap   total 99328K, used 87615K [0x00000000e0000000, 0x0000000100000000)
  region size 1024K, 32 young (32768K), 3 survivors (3072K)
 Metaspace       used 68639K, committed 70784K, reserved 278528K
  class space    used 10087K, committed 11136K, reserved 212992K
}
Event: 42.742 GC heap after
{Heap after GC invocations=27 (full 0):
 garbage-first heap   total 99328K, used 58493K [0x00000000e0000000, 0x0000000100000000)
  region size 1024K, 3 young (3072K), 3 survivors (3072K)
 Metaspace       used 68639K, committed 70784K, reserved 278528K
  class space    used 10087K, committed 11136K, reserved 212992K
}
Event: 44.671 GC heap before
{Heap before GC invocations=27 (full 0):
 garbage-first heap   total 99328K, used 89213K [0x00000000e0000000, 0x0000000100000000)
  region size 1024K, 34 young (34816K), 3 survivors (3072K)
 Metaspace       used 70638K, committed 72832K, reserved 278528K
  class space    used 10359K, committed 11392K, reserved 212992K
}
Event: 44.683 GC heap after
{Heap after GC invocations=28 (full 0):
 garbage-first heap   total 99328K, used 61034K [0x00000000e0000000, 0x0000000100000000)
  region size 1024K, 5 young (5120K), 5 survivors (5120K)
 Metaspace       used 70638K, committed 72832K, reserved 278528K
  class space    used 10359K, committed 11392K, reserved 212992K
}
Event: 47.474 GC heap before
{Heap before GC invocations=28 (full 0):
 garbage-first heap   total 99328K, used 90730K [0x00000000e0000000, 0x0000000100000000)
  region size 1024K, 34 young (34816K), 5 survivors (5120K)
 Metaspace       used 71774K, committed 73984K, reserved 278528K
  class space    used 10481K, committed 11584K, reserved 212992K
}
Event: 47.488 GC heap after
{Heap after GC invocations=29 (full 0):
 garbage-first heap   total 100352K, used 63847K [0x00000000e0000000, 0x0000000100000000)
  region size 1024K, 4 young (4096K), 4 survivors (4096K)
 Metaspace       used 71774K, committed 73984K, reserved 278528K
  class space    used 10481K, committed 11584K, reserved 212992K
}
Event: 52.647 GC heap before
{Heap before GC invocations=30 (full 0):
 garbage-first heap   total 109568K, used 90471K [0x00000000e0000000, 0x0000000100000000)
  region size 1024K, 31 young (31744K), 4 survivors (4096K)
 Metaspace       used 74211K, committed 76480K, reserved 278528K
  class space    used 10872K, committed 12032K, reserved 212992K
}
Event: 52.660 GC heap after
{Heap after GC invocations=31 (full 0):
 garbage-first heap   total 109568K, used 65381K [0x00000000e0000000, 0x0000000100000000)
  region size 1024K, 2 young (2048K), 2 survivors (2048K)
 Metaspace       used 74211K, committed 76480K, reserved 278528K
  class space    used 10872K, committed 12032K, reserved 212992K
}
Event: 55.734 GC heap before
{Heap before GC invocations=31 (full 0):
 garbage-first heap   total 109568K, used 99173K [0x00000000e0000000, 0x0000000100000000)
  region size 1024K, 36 young (36864K), 2 survivors (2048K)
 Metaspace       used 76441K, committed 78784K, reserved 344064K
  class space    used 11256K, committed 12416K, reserved 212992K
}
Event: 55.749 GC heap after
{Heap after GC invocations=32 (full 0):
 garbage-first heap   total 109568K, used 68608K [0x00000000e0000000, 0x0000000100000000)
  region size 1024K, 5 young (5120K), 5 survivors (5120K)
 Metaspace       used 76441K, committed 78784K, reserved 344064K
  class space    used 11256K, committed 12416K, reserved 212992K
}
Event: 58.292 GC heap before
{Heap before GC invocations=32 (full 0):
 garbage-first heap   total 109568K, used 99328K [0x00000000e0000000, 0x0000000100000000)
  region size 1024K, 36 young (36864K), 5 survivors (5120K)
 Metaspace       used 77820K, committed 80192K, reserved 344064K
  class space    used 11435K, committed 12608K, reserved 212992K
}
Event: 58.309 GC heap after
{Heap after GC invocations=33 (full 0):
 garbage-first heap   total 109568K, used 71783K [0x00000000e0000000, 0x0000000100000000)
  region size 1024K, 5 young (5120K), 5 survivors (5120K)
 Metaspace       used 77820K, committed 80192K, reserved 344064K
  class space    used 11435K, committed 12608K, reserved 212992K
}
Event: 60.663 GC heap before
{Heap before GC invocations=34 (full 0):
 garbage-first heap   total 121856K, used 99431K [0x00000000e0000000, 0x0000000100000000)
  region size 1024K, 32 young (32768K), 5 survivors (5120K)
 Metaspace       used 78279K, committed 80640K, reserved 344064K
  class space    used 11441K, committed 12608K, reserved 212992K
}
Event: 60.677 GC heap after
{Heap after GC invocations=35 (full 0):
 garbage-first heap   total 121856K, used 76349K [0x00000000e0000000, 0x0000000100000000)
  region size 1024K, 4 young (4096K), 4 survivors (4096K)
 Metaspace       used 78279K, committed 80640K, reserved 344064K
  class space    used 11441K, committed 12608K, reserved 212992K
}
Event: 62.655 GC heap before
{Heap before GC invocations=35 (full 0):
 garbage-first heap   total 121856K, used 108093K [0x00000000e0000000, 0x0000000100000000)
  region size 1024K, 36 young (36864K), 4 survivors (4096K)
 Metaspace       used 78404K, committed 80768K, reserved 344064K
  class space    used 11442K, committed 12608K, reserved 212992K
}
Event: 63.652 GC heap after
{Heap after GC invocations=36 (full 0):
 garbage-first heap   total 121856K, used 76665K [0x00000000e0000000, 0x0000000100000000)
  region size 1024K, 3 young (3072K), 3 survivors (3072K)
 Metaspace       used 78404K, committed 80768K, reserved 344064K
  class space    used 11442K, committed 12608K, reserved 212992K
}
Event: 64.080 GC heap before
{Heap before GC invocations=36 (full 0):
 garbage-first heap   total 121856K, used 78713K [0x00000000e0000000, 0x0000000100000000)
  region size 1024K, 5 young (5120K), 3 survivors (3072K)
 Metaspace       used 78406K, committed 80768K, reserved 344064K
  class space    used 11442K, committed 12608K, reserved 212992K
}
Event: 64.085 GC heap after
{Heap after GC invocations=37 (full 0):
 garbage-first heap   total 121856K, used 77235K [0x00000000e0000000, 0x0000000100000000)
  region size 1024K, 1 young (1024K), 1 survivors (1024K)
 Metaspace       used 78406K, committed 80768K, reserved 344064K
  class space    used 11442K, committed 12608K, reserved 212992K
}

