# JRE version: OpenJDK Runtime Environment (21.0.10) (build 21.0.10+-14961533-b1163.108)
# Java VM: OpenJDK 64-Bit Server VM (21.0.10+-14961533-b1163.108, mixed mode, tiered, compressed oops, compressed class ptrs, g1 gc, windows-amd64)
GC Precious Log:
 CardTable entry size: 512
 Card Set container configuration: InlinePtr #cards 5 size 8 Array Of Cards #cards 12 size 40 Howl #buckets 4 coarsen threshold 1843 Howl Bitmap #cards 512 size 80 coarsen threshold 460 Card regions per heap region 1 cards per card region 2048
 CPUs: 8 total, 8 available
 Memory: 7995M
 Large Page Support: Disabled
 NUMA Support: Disabled
 Compressed Oops: Enabled (32-bit)
 Heap Region Size: 1M
 Heap Min Capacity: 8M
 Heap Initial Capacity: 126M
 Heap Max Capacity: 1G
 Pre-touch: Disabled
 Parallel Workers: 8
 Concurrent Workers: 2
 Concurrent Refinement Workers: 8
 Periodic GC: Disabled
Heap:
 garbage-first heap   total 439296K, used 322968K [0x00000000c0000000, 0x0000000100000000)
  region size 1024K, 162 young (165888K), 28 survivors (28672K)
 Metaspace       used 141965K, committed 144704K, reserved 344064K
  class space    used 19936K, committed 21312K, reserved 212992K
GC Heap History (20 events):
Event: 117.975 GC heap before
{Heap before GC invocations=80 (full 0):
 garbage-first heap   total 439296K, used 397798K [0x00000000c0000000, 0x0000000100000000)
  region size 1024K, 257 young (263168K), 7 survivors (7168K)
 Metaspace       used 127625K, committed 130240K, reserved 344064K
  class space    used 18182K, committed 19456K, reserved 212992K
}
Event: 118.002 GC heap after
{Heap after GC invocations=81 (full 0):
 garbage-first heap   total 439296K, used 158509K [0x00000000c0000000, 0x0000000100000000)
  region size 1024K, 24 young (24576K), 24 survivors (24576K)
 Metaspace       used 127625K, committed 130240K, reserved 344064K
  class space    used 18182K, committed 19456K, reserved 212992K
}
Event: 118.718 GC heap before
{Heap before GC invocations=81 (full 0):
 garbage-first heap   total 439296K, used 381741K [0x00000000c0000000, 0x0000000100000000)
  region size 1024K, 242 young (247808K), 24 survivors (24576K)
 Metaspace       used 127634K, committed 130240K, reserved 344064K
  class space    used 18182K, committed 19456K, reserved 212992K
}
Event: 118.741 GC heap after
{Heap after GC invocations=82 (full 0):
 garbage-first heap   total 439296K, used 160539K [0x00000000c0000000, 0x0000000100000000)
  region size 1024K, 3 young (3072K), 3 survivors (3072K)
 Metaspace       used 127634K, committed 130240K, reserved 344064K
  class space    used 18182K, committed 19456K, reserved 212992K
}
Event: 119.310 GC heap before
{Heap before GC invocations=82 (full 0):
 garbage-first heap   total 439296K, used 398107K [0x00000000c0000000, 0x0000000100000000)
  region size 1024K, 236 young (241664K), 3 survivors (3072K)
 Metaspace       used 127634K, committed 130240K, reserved 344064K
  class space    used 18182K, committed 19456K, reserved 212992K
}
Event: 119.318 GC heap after
{Heap after GC invocations=83 (full 0):
 garbage-first heap   total 439296K, used 159516K [0x00000000c0000000, 0x0000000100000000)
  region size 1024K, 2 young (2048K), 2 survivors (2048K)
 Metaspace       used 127634K, committed 130240K, reserved 344064K
  class space    used 18182K, committed 19456K, reserved 212992K
}
Event: 120.106 GC heap before
{Heap before GC invocations=84 (full 0):
 garbage-first heap   total 439296K, used 410396K [0x00000000c0000000, 0x0000000100000000)
  region size 1024K, 248 young (253952K), 2 survivors (2048K)
 Metaspace       used 127634K, committed 130240K, reserved 344064K
  class space    used 18182K, committed 19456K, reserved 212992K
}
Event: 120.114 GC heap after
{Heap after GC invocations=85 (full 0):
 garbage-first heap   total 439296K, used 159960K [0x00000000c0000000, 0x0000000100000000)
  region size 1024K, 3 young (3072K), 3 survivors (3072K)
 Metaspace       used 127634K, committed 130240K, reserved 344064K
  class space    used 18182K, committed 19456K, reserved 212992K
}
Event: 120.634 GC heap before
{Heap before GC invocations=85 (full 0):
 garbage-first heap   total 439296K, used 414936K [0x00000000c0000000, 0x0000000100000000)
  region size 1024K, 253 young (259072K), 3 survivors (3072K)
 Metaspace       used 127634K, committed 130240K, reserved 344064K
  class space    used 18182K, committed 19456K, reserved 212992K
}
Event: 120.644 GC heap after
{Heap after GC invocations=86 (full 0):
 garbage-first heap   total 439296K, used 159197K [0x00000000c0000000, 0x0000000100000000)
  region size 1024K, 3 young (3072K), 3 survivors (3072K)
 Metaspace       used 127634K, committed 130240K, reserved 344064K
  class space    used 18182K, committed 19456K, reserved 212992K
}
Event: 121.222 GC heap before
{Heap before GC invocations=86 (full 0):
 garbage-first heap   total 439296K, used 415197K [0x00000000c0000000, 0x0000000100000000)
  region size 1024K, 254 young (260096K), 3 survivors (3072K)
 Metaspace       used 127634K, committed 130240K, reserved 344064K
  class space    used 18182K, committed 19456K, reserved 212992K
}
Event: 121.229 GC heap after
{Heap after GC invocations=87 (full 0):
 garbage-first heap   total 439296K, used 159834K [0x00000000c0000000, 0x0000000100000000)
  region size 1024K, 4 young (4096K), 4 survivors (4096K)
 Metaspace       used 127634K, committed 130240K, reserved 344064K
  class space    used 18182K, committed 19456K, reserved 212992K
}
Event: 121.979 GC heap before
{Heap before GC invocations=88 (full 0):
 garbage-first heap   total 439296K, used 414810K [0x00000000c0000000, 0x0000000100000000)
  region size 1024K, 254 young (260096K), 4 survivors (4096K)
 Metaspace       used 127634K, committed 130240K, reserved 344064K
  class space    used 18182K, committed 19456K, reserved 212992K
}
Event: 121.992 GC heap after
{Heap after GC invocations=89 (full 0):
 garbage-first heap   total 439296K, used 160571K [0x00000000c0000000, 0x0000000100000000)
  region size 1024K, 5 young (5120K), 5 survivors (5120K)
 Metaspace       used 127634K, committed 130240K, reserved 344064K
  class space    used 18182K, committed 19456K, reserved 212992K
}
Event: 122.793 GC heap before
{Heap before GC invocations=89 (full 0):
 garbage-first heap   total 439296K, used 414523K [0x00000000c0000000, 0x0000000100000000)
  region size 1024K, 254 young (260096K), 5 survivors (5120K)
 Metaspace       used 127634K, committed 130240K, reserved 344064K
  class space    used 18182K, committed 19456K, reserved 212992K
}
Event: 122.805 GC heap after
{Heap after GC invocations=90 (full 0):
 garbage-first heap   total 439296K, used 160462K [0x00000000c0000000, 0x0000000100000000)
  region size 1024K, 5 young (5120K), 5 survivors (5120K)
 Metaspace       used 127634K, committed 130240K, reserved 344064K
  class space    used 18182K, committed 19456K, reserved 212992K
}
Event: 123.608 GC heap before
{Heap before GC invocations=90 (full 0):
 garbage-first heap   total 439296K, used 175822K [0x00000000c0000000, 0x0000000100000000)
  region size 1024K, 21 young (21504K), 5 survivors (5120K)
 Metaspace       used 127715K, committed 130304K, reserved 344064K
  class space    used 18193K, committed 19456K, reserved 212992K
}
Event: 123.617 GC heap after
{Heap after GC invocations=91 (full 0):
 garbage-first heap   total 439296K, used 161688K [0x00000000c0000000, 0x0000000100000000)
  region size 1024K, 6 young (6144K), 6 survivors (6144K)
 Metaspace       used 127715K, committed 130304K, reserved 344064K
  class space    used 18193K, committed 19456K, reserved 212992K
}
Event: 137.095 GC heap before
{Heap before GC invocations=92 (full 0):
 garbage-first heap   total 439296K, used 402328K [0x00000000c0000000, 0x0000000100000000)
  region size 1024K, 234 young (239616K), 6 survivors (6144K)
 Metaspace       used 136254K, committed 139008K, reserved 344064K
  class space    used 19173K, committed 20480K, reserved 212992K
}
Event: 137.140 GC heap after
{Heap after GC invocations=93 (full 0):
 garbage-first heap   total 439296K, used 186776K [0x00000000c0000000, 0x0000000100000000)
  region size 1024K, 28 young (28672K), 28 survivors (28672K)
 Metaspace       used 136254K, committed 139008K, reserved 344064K
  class space    used 19173K, committed 20480K, reserved 212992K
}

