# JRE version: OpenJDK Runtime Environment (21.0.10) (build 21.0.10+-14961533-b1163.108)
# Java VM: OpenJDK 64-Bit Server VM (21.0.10+-14961533-b1163.108, mixed mode, tiered, compressed oops, compressed class ptrs, g1 gc, windows-amd64)
GC Precious Log:
 CardTable entry size: 512
 Card Set container configuration: InlinePtr #cards 5 size 8 Array Of Cards #cards 12 size 40 Howl #buckets 4 coarsen threshold 1843 Howl Bitmap #cards 512 size 80 coarsen threshold 460 Card regions per heap region 1 cards per card region 2048
 CPUs: 8 total, 8 available
 Memory: 7995M
 Large Page Support: Disabled
 NUMA Support: Disabled
 Compressed Oops: Enabled (32-bit)
 Heap Region Size: 1M
 Heap Min Capacity: 8M
 Heap Initial Capacity: 126M
 Heap Max Capacity: 512M
 Pre-touch: Disabled
 Parallel Workers: 8
 Concurrent Workers: 2
 Concurrent Refinement Workers: 8
 Periodic GC: Disabled
Heap:
 garbage-first heap   total 126976K, used 116465K [0x00000000e0000000, 0x0000000100000000)
  region size 1024K, 42 young (43008K), 2 survivors (2048K)
 Metaspace       used 94455K, committed 96768K, reserved 344064K
  class space    used 13642K, committed 14784K, reserved 212992K
GC Heap History (20 events):
Event: 70.933 GC heap before
{Heap before GC invocations=29 (full 0):
 garbage-first heap   total 102400K, used 82820K [0x00000000e0000000, 0x0000000100000000)
  region size 1024K, 24 young (24576K), 2 survivors (2048K)
 Metaspace       used 77212K, committed 79168K, reserved 344064K
  class space    used 10987K, committed 11968K, reserved 212992K
}
Event: 70.939 GC heap after
{Heap after GC invocations=30 (full 0):
 garbage-first heap   total 102400K, used 61216K [0x00000000e0000000, 0x0000000100000000)
  region size 1024K, 2 young (2048K), 2 survivors (2048K)
 Metaspace       used 77212K, committed 79168K, reserved 344064K
  class space    used 10987K, committed 11968K, reserved 212992K
}
Event: 74.243 GC heap before
{Heap before GC invocations=30 (full 0):
 garbage-first heap   total 102400K, used 95008K [0x00000000e0000000, 0x0000000100000000)
  region size 1024K, 36 young (36864K), 2 survivors (2048K)
 Metaspace       used 79722K, committed 81728K, reserved 344064K
  class space    used 11368K, committed 12352K, reserved 212992K
}
Event: 74.251 GC heap after
{Heap after GC invocations=31 (full 0):
 garbage-first heap   total 102400K, used 61551K [0x00000000e0000000, 0x0000000100000000)
  region size 1024K, 4 young (4096K), 4 survivors (4096K)
 Metaspace       used 79722K, committed 81728K, reserved 344064K
  class space    used 11368K, committed 12352K, reserved 212992K
}
Event: 76.986 GC heap before
{Heap before GC invocations=31 (full 0):
 garbage-first heap   total 102400K, used 95343K [0x00000000e0000000, 0x0000000100000000)
  region size 1024K, 37 young (37888K), 4 survivors (4096K)
 Metaspace       used 82100K, committed 84160K, reserved 344064K
  class space    used 11784K, committed 12800K, reserved 212992K
}
Event: 76.996 GC heap after
{Heap after GC invocations=32 (full 0):
 garbage-first heap   total 102400K, used 62880K [0x00000000e0000000, 0x0000000100000000)
  region size 1024K, 4 young (4096K), 4 survivors (4096K)
 Metaspace       used 82100K, committed 84160K, reserved 344064K
  class space    used 11784K, committed 12800K, reserved 212992K
}
Event: 78.933 GC heap before
{Heap before GC invocations=33 (full 0):
 garbage-first heap   total 106496K, used 96672K [0x00000000e0000000, 0x0000000100000000)
  region size 1024K, 36 young (36864K), 4 survivors (4096K)
 Metaspace       used 84343K, committed 86400K, reserved 344064K
  class space    used 12090K, committed 13120K, reserved 212992K
}
Event: 78.941 GC heap after
{Heap after GC invocations=34 (full 0):
 garbage-first heap   total 106496K, used 64256K [0x00000000e0000000, 0x0000000100000000)
  region size 1024K, 5 young (5120K), 5 survivors (5120K)
 Metaspace       used 84343K, committed 86400K, reserved 344064K
  class space    used 12090K, committed 13120K, reserved 212992K
}
Event: 81.071 GC heap before
{Heap before GC invocations=34 (full 0):
 garbage-first heap   total 106496K, used 99072K [0x00000000e0000000, 0x0000000100000000)
  region size 1024K, 39 young (39936K), 5 survivors (5120K)
 Metaspace       used 86350K, committed 88512K, reserved 344064K
  class space    used 12391K, committed 13440K, reserved 212992K
}
Event: 81.082 GC heap after
{Heap after GC invocations=35 (full 0):
 garbage-first heap   total 107520K, used 65677K [0x00000000e0000000, 0x0000000100000000)
  region size 1024K, 5 young (5120K), 5 survivors (5120K)
 Metaspace       used 86350K, committed 88512K, reserved 344064K
  class space    used 12391K, committed 13440K, reserved 212992K
}
Event: 83.595 GC heap before
{Heap before GC invocations=35 (full 0):
 garbage-first heap   total 107520K, used 99469K [0x00000000e0000000, 0x0000000100000000)
  region size 1024K, 39 young (39936K), 5 survivors (5120K)
 Metaspace       used 87973K, committed 90112K, reserved 344064K
  class space    used 12596K, committed 13632K, reserved 212992K
}
Event: 83.605 GC heap after
{Heap after GC invocations=36 (full 0):
 garbage-first heap   total 107520K, used 67482K [0x00000000e0000000, 0x0000000100000000)
  region size 1024K, 4 young (4096K), 4 survivors (4096K)
 Metaspace       used 87973K, committed 90112K, reserved 344064K
  class space    used 12596K, committed 13632K, reserved 212992K
}
Event: 86.057 GC heap before
{Heap before GC invocations=37 (full 0):
 garbage-first heap   total 112640K, used 101274K [0x00000000e0000000, 0x0000000100000000)
  region size 1024K, 37 young (37888K), 4 survivors (4096K)
 Metaspace       used 88708K, committed 90880K, reserved 344064K
  class space    used 12671K, committed 13760K, reserved 212992K
}
Event: 86.071 GC heap after
{Heap after GC invocations=38 (full 0):
 garbage-first heap   total 112640K, used 70971K [0x00000000e0000000, 0x0000000100000000)
  region size 1024K, 5 young (5120K), 5 survivors (5120K)
 Metaspace       used 88708K, committed 90880K, reserved 344064K
  class space    used 12671K, committed 13760K, reserved 212992K
}
Event: 93.041 GC heap before
{Heap before GC invocations=38 (full 0):
 garbage-first heap   total 112640K, used 104763K [0x00000000e0000000, 0x0000000100000000)
  region size 1024K, 38 young (38912K), 5 survivors (5120K)
 Metaspace       used 91552K, committed 93760K, reserved 344064K
  class space    used 13175K, committed 14272K, reserved 212992K
}
Event: 93.053 GC heap after
{Heap after GC invocations=39 (full 0):
 garbage-first heap   total 112640K, used 71774K [0x00000000e0000000, 0x0000000100000000)
  region size 1024K, 3 young (3072K), 3 survivors (3072K)
 Metaspace       used 91552K, committed 93760K, reserved 344064K
  class space    used 13175K, committed 14272K, reserved 212992K
}
Event: 94.731 GC heap before
{Heap before GC invocations=39 (full 0):
 garbage-first heap   total 112640K, used 103518K [0x00000000e0000000, 0x0000000100000000)
  region size 1024K, 35 young (35840K), 3 survivors (3072K)
 Metaspace       used 93194K, committed 95424K, reserved 344064K
  class space    used 13484K, committed 14592K, reserved 212992K
}
Event: 94.742 GC heap after
{Heap after GC invocations=40 (full 0):
 garbage-first heap   total 112640K, used 74936K [0x00000000e0000000, 0x0000000100000000)
  region size 1024K, 5 young (5120K), 5 survivors (5120K)
 Metaspace       used 93194K, committed 95424K, reserved 344064K
  class space    used 13484K, committed 14592K, reserved 212992K
}
Event: 96.618 GC heap before
{Heap before GC invocations=41 (full 0):
 garbage-first heap   total 126976K, used 103608K [0x00000000e0000000, 0x0000000100000000)
  region size 1024K, 34 young (34816K), 5 survivors (5120K)
 Metaspace       used 93420K, committed 95680K, reserved 344064K
  class space    used 13505K, committed 14592K, reserved 212992K
}
Event: 96.631 GC heap after
{Heap after GC invocations=42 (full 0):
 garbage-first heap   total 126976K, used 76529K [0x00000000e0000000, 0x0000000100000000)
  region size 1024K, 2 young (2048K), 2 survivors (2048K)
 Metaspace       used 93420K, committed 95680K, reserved 344064K
  class space    used 13505K, committed 14592K, reserved 212992K
}

