# JRE version: OpenJDK Runtime Environment (21.0.10) (build 21.0.10+-14961533-b1163.108)
# Java VM: OpenJDK 64-Bit Server VM (21.0.10+-14961533-b1163.108, mixed mode, tiered, compressed oops, compressed class ptrs, g1 gc, windows-amd64)
GC Precious Log:
 CardTable entry size: 512
 Card Set container configuration: InlinePtr #cards 5 size 8 Array Of Cards #cards 12 size 40 Howl #buckets 4 coarsen threshold 1843 Howl Bitmap #cards 512 size 80 coarsen threshold 460 Card regions per heap region 1 cards per card region 2048
 CPUs: 8 total, 8 available
 Memory: 7995M
 Large Page Support: Disabled
 NUMA Support: Disabled
 Compressed Oops: Enabled (32-bit)
 Heap Region Size: 1M
 Heap Min Capacity: 8M
 Heap Initial Capacity: 126M
 Heap Max Capacity: 512M
 Pre-touch: Disabled
 Parallel Workers: 8
 Concurrent Workers: 2
 Concurrent Refinement Workers: 8
 Periodic GC: Disabled
Heap:
 garbage-first heap   total 358400K, used 297436K [0x00000000e0000000, 0x0000000100000000)
  region size 1024K, 94 young (96256K), 11 survivors (11264K)
 Metaspace       used 150220K, committed 153024K, reserved 409600K
  class space    used 20673K, committed 22016K, reserved 212992K
GC Heap History (20 events):
Event: 118.665 GC heap before
{Heap before GC invocations=138 (full 0):
 garbage-first heap   total 296960K, used 267599K [0x00000000e0000000, 0x0000000100000000)
  region size 1024K, 107 young (109568K), 10 survivors (10240K)
 Metaspace       used 137286K, committed 140032K, reserved 344064K
  class space    used 18979K, committed 20288K, reserved 212992K
}
Event: 118.683 GC heap after
{Heap after GC invocations=139 (full 0):
 garbage-first heap   total 296960K, used 174007K [0x00000000e0000000, 0x0000000100000000)
  region size 1024K, 11 young (11264K), 11 survivors (11264K)
 Metaspace       used 137286K, committed 140032K, reserved 344064K
  class space    used 18979K, committed 20288K, reserved 212992K
}
Event: 121.753 GC heap before
{Heap before GC invocations=140 (full 0):
 garbage-first heap   total 296960K, used 273335K [0x00000000e0000000, 0x0000000100000000)
  region size 1024K, 109 young (111616K), 11 survivors (11264K)
 Metaspace       used 137464K, committed 140224K, reserved 344064K
  class space    used 18984K, committed 20288K, reserved 212992K
}
Event: 121.774 GC heap after
{Heap after GC invocations=141 (full 0):
 garbage-first heap   total 296960K, used 180792K [0x00000000e0000000, 0x0000000100000000)
  region size 1024K, 12 young (12288K), 12 survivors (12288K)
 Metaspace       used 137464K, committed 140224K, reserved 344064K
  class space    used 18984K, committed 20288K, reserved 212992K
}
Event: 124.324 GC heap before
{Heap before GC invocations=141 (full 0):
 garbage-first heap   total 296960K, used 277048K [0x00000000e0000000, 0x0000000100000000)
  region size 1024K, 106 young (108544K), 12 survivors (12288K)
 Metaspace       used 138216K, committed 140992K, reserved 344064K
  class space    used 19081K, committed 20416K, reserved 212992K
}
Event: 124.355 GC heap after
{Heap after GC invocations=142 (full 0):
 garbage-first heap   total 301056K, used 184208K [0x00000000e0000000, 0x0000000100000000)
  region size 1024K, 14 young (14336K), 14 survivors (14336K)
 Metaspace       used 138216K, committed 140992K, reserved 344064K
  class space    used 19081K, committed 20416K, reserved 212992K
}
Event: 126.535 GC heap before
{Heap before GC invocations=142 (full 0):
 garbage-first heap   total 301056K, used 280464K [0x00000000e0000000, 0x0000000100000000)
  region size 1024K, 108 young (110592K), 14 survivors (14336K)
 Metaspace       used 138500K, committed 141184K, reserved 344064K
  class space    used 19117K, committed 20416K, reserved 212992K
}
Event: 126.555 GC heap after
{Heap after GC invocations=143 (full 0):
 garbage-first heap   total 301056K, used 186450K [0x00000000e0000000, 0x0000000100000000)
  region size 1024K, 10 young (10240K), 10 survivors (10240K)
 Metaspace       used 138500K, committed 141184K, reserved 344064K
  class space    used 19117K, committed 20416K, reserved 212992K
}
Event: 130.106 GC heap before
{Heap before GC invocations=144 (full 0):
 garbage-first heap   total 312320K, used 283730K [0x00000000e0000000, 0x0000000100000000)
  region size 1024K, 104 young (106496K), 10 survivors (10240K)
 Metaspace       used 141097K, committed 143744K, reserved 344064K
  class space    used 19469K, committed 20736K, reserved 212992K
}
Event: 130.127 GC heap after
{Heap after GC invocations=145 (full 0):
 garbage-first heap   total 312320K, used 192207K [0x00000000e0000000, 0x0000000100000000)
  region size 1024K, 8 young (8192K), 8 survivors (8192K)
 Metaspace       used 141097K, committed 143744K, reserved 344064K
  class space    used 19469K, committed 20736K, reserved 212992K
}
Event: 133.069 GC heap before
{Heap before GC invocations=145 (full 0):
 garbage-first heap   total 312320K, used 292559K [0x00000000e0000000, 0x0000000100000000)
  region size 1024K, 106 young (108544K), 8 survivors (8192K)
 Metaspace       used 146839K, committed 149568K, reserved 344064K
  class space    used 20241K, committed 21504K, reserved 212992K
}
Event: 133.093 GC heap after
{Heap after GC invocations=146 (full 0):
 garbage-first heap   total 313344K, used 196073K [0x00000000e0000000, 0x0000000100000000)
  region size 1024K, 14 young (14336K), 14 survivors (14336K)
 Metaspace       used 146839K, committed 149568K, reserved 344064K
  class space    used 20241K, committed 21504K, reserved 212992K
}
Event: 137.608 GC heap before
{Heap before GC invocations=146 (full 0):
 garbage-first heap   total 313344K, used 293353K [0x00000000e0000000, 0x0000000100000000)
  region size 1024K, 109 young (111616K), 14 survivors (14336K)
 Metaspace       used 149562K, committed 152320K, reserved 409600K
  class space    used 20634K, committed 21952K, reserved 212992K
}
Event: 137.641 GC heap after
{Heap after GC invocations=147 (full 0):
 garbage-first heap   total 316416K, used 204529K [0x00000000e0000000, 0x0000000100000000)
  region size 1024K, 14 young (14336K), 14 survivors (14336K)
 Metaspace       used 149562K, committed 152320K, reserved 409600K
  class space    used 20634K, committed 21952K, reserved 212992K
}
Event: 140.029 GC heap before
{Heap before GC invocations=148 (full 0):
 garbage-first heap   total 342016K, used 295665K [0x00000000e0000000, 0x0000000100000000)
  region size 1024K, 103 young (105472K), 14 survivors (14336K)
 Metaspace       used 149657K, committed 152384K, reserved 409600K
  class space    used 20636K, committed 21952K, reserved 212992K
}
Event: 140.055 GC heap after
{Heap after GC invocations=149 (full 0):
 garbage-first heap   total 342016K, used 208556K [0x00000000e0000000, 0x0000000100000000)
  region size 1024K, 4 young (4096K), 4 survivors (4096K)
 Metaspace       used 149657K, committed 152384K, reserved 409600K
  class space    used 20636K, committed 21952K, reserved 212992K
}
Event: 148.675 GC heap before
{Heap before GC invocations=149 (full 0):
 garbage-first heap   total 342016K, used 319148K [0x00000000e0000000, 0x0000000100000000)
  region size 1024K, 112 young (114688K), 4 survivors (4096K)
 Metaspace       used 149952K, committed 152832K, reserved 409600K
  class space    used 20671K, committed 22016K, reserved 212992K
}
Event: 148.693 GC heap after
{Heap after GC invocations=150 (full 0):
 garbage-first heap   total 342016K, used 210500K [0x00000000e0000000, 0x0000000100000000)
  region size 1024K, 7 young (7168K), 7 survivors (7168K)
 Metaspace       used 149952K, committed 152832K, reserved 409600K
  class space    used 20671K, committed 22016K, reserved 212992K
}
Event: 152.779 GC heap before
{Heap before GC invocations=150 (full 0):
 garbage-first heap   total 342016K, used 322116K [0x00000000e0000000, 0x0000000100000000)
  region size 1024K, 117 young (119808K), 7 survivors (7168K)
 Metaspace       used 150110K, committed 152960K, reserved 409600K
  class space    used 20672K, committed 22016K, reserved 212992K
}
Event: 152.794 GC heap after
{Heap after GC invocations=151 (full 0):
 garbage-first heap   total 342016K, used 214492K [0x00000000e0000000, 0x0000000100000000)
  region size 1024K, 11 young (11264K), 11 survivors (11264K)
 Metaspace       used 150110K, committed 152960K, reserved 409600K
  class space    used 20672K, committed 22016K, reserved 212992K
}

