# JRE version: OpenJDK Runtime Environment (21.0.10) (build 21.0.10+-14961533-b1163.108)
# Java VM: OpenJDK 64-Bit Server VM (21.0.10+-14961533-b1163.108, mixed mode, tiered, compressed oops, compressed class ptrs, g1 gc, windows-amd64)
GC Precious Log:
 CardTable entry size: 512
 Card Set container configuration: InlinePtr #cards 5 size 8 Array Of Cards #cards 12 size 40 Howl #buckets 4 coarsen threshold 1843 Howl Bitmap #cards 512 size 80 coarsen threshold 460 Card regions per heap region 1 cards per card region 2048
 CPUs: 8 total, 8 available
 Memory: 7995M
 Large Page Support: Disabled
 NUMA Support: Disabled
 Compressed Oops: Enabled (32-bit)
 Heap Region Size: 1M
 Heap Min Capacity: 8M
 Heap Initial Capacity: 126M
 Heap Max Capacity: 512M
 Pre-touch: Disabled
 Parallel Workers: 8
 Concurrent Workers: 2
 Concurrent Refinement Workers: 8
 Periodic GC: Disabled
Heap:
 garbage-first heap   total 403456K, used 335668K [0x00000000e0000000, 0x0000000100000000)
  region size 1024K, 116 young (118784K), 12 survivors (12288K)
 Metaspace       used 149901K, committed 154176K, reserved 409600K
  class space    used 20325K, committed 22080K, reserved 212992K
GC Heap History (20 events):
Event: 218.927 GC heap before
{Heap before GC invocations=148 (full 0):
 garbage-first heap   total 331776K, used 299008K [0x00000000e0000000, 0x0000000100000000)
  region size 1024K, 104 young (106496K), 5 survivors (5120K)
 Metaspace       used 149109K, committed 151872K, reserved 344064K
  class space    used 20608K, committed 21952K, reserved 212992K
}
Event: 218.949 GC heap after
{Heap after GC invocations=149 (full 0):
 garbage-first heap   total 331776K, used 204447K [0x00000000e0000000, 0x0000000100000000)
  region size 1024K, 12 young (12288K), 12 survivors (12288K)
 Metaspace       used 149109K, committed 151872K, reserved 344064K
  class space    used 20608K, committed 21952K, reserved 212992K
}
Event: 223.959 GC heap before
{Heap before GC invocations=149 (full 0):
 garbage-first heap   total 331776K, used 307871K [0x00000000e0000000, 0x0000000100000000)
  region size 1024K, 113 young (115712K), 12 survivors (12288K)
 Metaspace       used 149416K, committed 152192K, reserved 409600K
  class space    used 20621K, committed 21952K, reserved 212992K
}
Event: 224.013 GC heap after
{Heap after GC invocations=150 (full 0):
 garbage-first heap   total 332800K, used 210908K [0x00000000e0000000, 0x0000000100000000)
  region size 1024K, 15 young (15360K), 15 survivors (15360K)
 Metaspace       used 149416K, committed 152192K, reserved 409600K
  class space    used 20621K, committed 21952K, reserved 212992K
}
Event: 255.539 GC heap before
{Heap before GC invocations=150 (full 0):
 garbage-first heap   total 332800K, used 308188K [0x00000000e0000000, 0x0000000100000000)
  region size 1024K, 110 young (112640K), 15 survivors (15360K)
 Metaspace       used 149571K, committed 152384K, reserved 409600K
  class space    used 20629K, committed 21952K, reserved 212992K
}
Event: 255.635 GC heap after
{Heap after GC invocations=151 (full 0):
 garbage-first heap   total 332800K, used 218066K [0x00000000e0000000, 0x0000000100000000)
  region size 1024K, 7 young (7168K), 7 survivors (7168K)
 Metaspace       used 149571K, committed 152384K, reserved 409600K
  class space    used 20629K, committed 21952K, reserved 212992K
}
Event: 261.729 GC heap before
{Heap before GC invocations=152 (full 0):
 garbage-first heap   total 365568K, used 309202K [0x00000000e0000000, 0x0000000100000000)
  region size 1024K, 96 young (98304K), 7 survivors (7168K)
 Metaspace       used 149975K, committed 152832K, reserved 409600K
  class space    used 20656K, committed 22016K, reserved 212992K
}
Event: 261.755 GC heap after
{Heap after GC invocations=153 (full 0):
 garbage-first heap   total 365568K, used 225181K [0x00000000e0000000, 0x0000000100000000)
  region size 1024K, 12 young (12288K), 12 survivors (12288K)
 Metaspace       used 149975K, committed 152832K, reserved 409600K
  class space    used 20656K, committed 22016K, reserved 212992K
}
Event: 265.564 GC heap before
{Heap before GC invocations=153 (full 0):
 garbage-first heap   total 365568K, used 337821K [0x00000000e0000000, 0x0000000100000000)
  region size 1024K, 122 young (124928K), 12 survivors (12288K)
 Metaspace       used 150185K, committed 152960K, reserved 409600K
  class space    used 20662K, committed 22016K, reserved 212992K
}
Event: 265.634 GC heap after
{Heap after GC invocations=154 (full 0):
 garbage-first heap   total 377856K, used 215401K [0x00000000e0000000, 0x0000000100000000)
  region size 1024K, 16 young (16384K), 16 survivors (16384K)
 Metaspace       used 150185K, committed 152960K, reserved 409600K
  class space    used 20662K, committed 22016K, reserved 212992K
}
Event: 270.961 GC heap before
{Heap before GC invocations=154 (full 0):
 garbage-first heap   total 377856K, used 347497K [0x00000000e0000000, 0x0000000100000000)
  region size 1024K, 146 young (149504K), 16 survivors (16384K)
 Metaspace       used 150508K, committed 153408K, reserved 409600K
  class space    used 20676K, committed 22080K, reserved 212992K
}
Event: 271.041 GC heap after
{Heap after GC invocations=155 (full 0):
 garbage-first heap   total 381952K, used 227747K [0x00000000e0000000, 0x0000000100000000)
  region size 1024K, 19 young (19456K), 19 survivors (19456K)
 Metaspace       used 150508K, committed 153408K, reserved 409600K
  class space    used 20676K, committed 22080K, reserved 212992K
}
Event: 274.011 GC heap before
{Heap before GC invocations=155 (full 0):
 garbage-first heap   total 381952K, used 305571K [0x00000000e0000000, 0x0000000100000000)
  region size 1024K, 96 young (98304K), 19 survivors (19456K)
 Metaspace       used 150611K, committed 153472K, reserved 409600K
  class space    used 20679K, committed 22080K, reserved 212992K
}
Event: 274.051 GC heap after
{Heap after GC invocations=156 (full 0):
 garbage-first heap   total 381952K, used 235399K [0x00000000e0000000, 0x0000000100000000)
  region size 1024K, 6 young (6144K), 6 survivors (6144K)
 Metaspace       used 150611K, committed 153472K, reserved 409600K
  class space    used 20679K, committed 22080K, reserved 212992K
}
Event: 279.945 GC heap before
{Heap before GC invocations=157 (full 0):
 garbage-first heap   total 393216K, used 352135K [0x00000000e0000000, 0x0000000100000000)
  region size 1024K, 120 young (122880K), 6 survivors (6144K)
 Metaspace       used 150846K, committed 153728K, reserved 409600K
  class space    used 20683K, committed 22080K, reserved 212992K
}
Event: 279.971 GC heap after
{Heap after GC invocations=158 (full 0):
 garbage-first heap   total 393216K, used 242594K [0x00000000e0000000, 0x0000000100000000)
  region size 1024K, 14 young (14336K), 14 survivors (14336K)
 Metaspace       used 150846K, committed 153728K, reserved 409600K
  class space    used 20683K, committed 22080K, reserved 212992K
}
Event: 283.072 GC heap before
{Heap before GC invocations=158 (full 0):
 garbage-first heap   total 393216K, used 361378K [0x00000000e0000000, 0x0000000100000000)
  region size 1024K, 131 young (134144K), 14 survivors (14336K)
 Metaspace       used 150990K, committed 153856K, reserved 409600K
  class space    used 20689K, committed 22080K, reserved 212992K
}
Event: 283.152 GC heap after
{Heap after GC invocations=159 (full 0):
 garbage-first heap   total 403456K, used 231201K [0x00000000e0000000, 0x0000000100000000)
  region size 1024K, 14 young (14336K), 14 survivors (14336K)
 Metaspace       used 150990K, committed 153856K, reserved 409600K
  class space    used 20689K, committed 22080K, reserved 212992K
}
Event: 289.721 GC heap before
{Heap before GC invocations=159 (full 0):
 garbage-first heap   total 403456K, used 364321K [0x00000000e0000000, 0x0000000100000000)
  region size 1024K, 145 young (148480K), 14 survivors (14336K)
 Metaspace       used 151247K, committed 154112K, reserved 409600K
  class space    used 20702K, committed 22080K, reserved 212992K
}
Event: 289.783 GC heap after
{Heap after GC invocations=160 (full 0):
 garbage-first heap   total 403456K, used 242484K [0x00000000e0000000, 0x0000000100000000)
  region size 1024K, 12 young (12288K), 12 survivors (12288K)
 Metaspace       used 151247K, committed 154112K, reserved 409600K
  class space    used 20702K, committed 22080K, reserved 212992K
}

